18:42:22.299 [main] INFO  testCases.TC_003_EditCustomerTest -  browser launched
18:42:23.523 [main] INFO  testCases.TC_003_EditCustomerTest - application url opened
18:42:23.719 [main] INFO  testCases.TC_003_EditCustomerTest - **************started TC_003_EditCustomerTest**********************
18:42:24.910 [main] INFO  testCases.TC_003_EditCustomerTest - login successful
18:42:25.600 [main] INFO  testCases.TC_003_EditCustomerTest - clicked on edit customer link
18:42:26.386 [main] INFO  testCases.TC_003_EditCustomerTest - clicked on submit button
18:42:26.693 [main] INFO  testCases.TC_003_EditCustomerTest - address edited
18:42:26.966 [main] INFO  testCases.TC_003_EditCustomerTest - clicked on submit button after editing
18:44:46.593 [main] INFO  testCases.TC_002_AddingNewCustomerTest -  browser launched
18:44:47.795 [main] INFO  testCases.TC_002_AddingNewCustomerTest - application url opened
18:44:47.955 [main] INFO  testCases.TC_002_AddingNewCustomerTest - ************starting TC_002_AddingNewCustomerTest*****************
18:44:49.033 [main] INFO  testCases.TC_002_AddingNewCustomerTest - successfully logged in
18:44:49.648 [main] INFO  testCases.TC_002_AddingNewCustomerTest - clicked on new customer link on home page
18:44:50.505 [main] INFO  testCases.TC_002_AddingNewCustomerTest - entered all of the customer information
18:44:50.585 [main] INFO  testCases.TC_002_AddingNewCustomerTest - clicked on submit button
18:44:50.599 [main] INFO  testCases.TC_002_AddingNewCustomerTest - new customer addition unsuccessful
18:45:52.180 [main] INFO  testCases.TC_002_AddingNewCustomerTest -  browser launched
18:45:53.290 [main] INFO  testCases.TC_002_AddingNewCustomerTest - application url opened
18:45:53.454 [main] INFO  testCases.TC_002_AddingNewCustomerTest - ************starting TC_002_AddingNewCustomerTest*****************
18:45:54.585 [main] INFO  testCases.TC_002_AddingNewCustomerTest - successfully logged in
18:45:55.197 [main] INFO  testCases.TC_002_AddingNewCustomerTest - clicked on new customer link on home page
18:45:56.096 [main] INFO  testCases.TC_002_AddingNewCustomerTest - entered all of the customer information
18:45:56.847 [main] INFO  testCases.TC_002_AddingNewCustomerTest - clicked on submit button
18:45:56.890 [main] INFO  testCases.TC_002_AddingNewCustomerTest - new customer added successfully 
18:45:56.893 [main] INFO  testCases.TC_002_AddingNewCustomerTest - ************ending TC_002_AddingNewCustomerTest*****************
18:48:05.371 [main] INFO  testCases.TC_003_EditCustomerTest -  browser launched
18:48:06.496 [main] INFO  testCases.TC_003_EditCustomerTest - application url opened
18:48:06.650 [main] INFO  testCases.TC_003_EditCustomerTest - **************started TC_003_EditCustomerTest**********************
18:48:07.597 [main] INFO  testCases.TC_003_EditCustomerTest - login successful
18:48:08.179 [main] INFO  testCases.TC_003_EditCustomerTest - clicked on edit customer link
18:48:08.951 [main] INFO  testCases.TC_003_EditCustomerTest - clicked on submit button
18:48:09.123 [main] INFO  testCases.TC_003_EditCustomerTest - address edited
18:48:09.306 [main] INFO  testCases.TC_003_EditCustomerTest - clicked on submit button after editing
18:54:46.348 [main] INFO  testCases.TC_003_EditCustomerTest -  browser launched
18:54:47.399 [main] INFO  testCases.TC_003_EditCustomerTest - application url opened
18:54:47.563 [main] INFO  testCases.TC_003_EditCustomerTest - **************started TC_003_EditCustomerTest**********************
18:54:48.482 [main] INFO  testCases.TC_003_EditCustomerTest - login successful
18:54:49.028 [main] INFO  testCases.TC_003_EditCustomerTest - clicked on edit customer link
18:54:49.619 [main] INFO  testCases.TC_003_EditCustomerTest - clicked on submit button
18:54:49.773 [main] INFO  testCases.TC_003_EditCustomerTest - address edited
18:54:49.971 [main] INFO  testCases.TC_003_EditCustomerTest - clicked on submit button after editing
18:54:49.979 [main] INFO  testCases.TC_003_EditCustomerTest - **************Ended TC_003_EditCustomerTest**********************
18:55:38.843 [main] INFO  testCases.TC_003_EditCustomerTest -  browser launched
18:55:40.106 [main] INFO  testCases.TC_003_EditCustomerTest - application url opened
18:55:40.243 [main] INFO  testCases.TC_003_EditCustomerTest - **************started TC_003_EditCustomerTest**********************
18:55:41.181 [main] INFO  testCases.TC_003_EditCustomerTest - login successful
18:55:41.717 [main] INFO  testCases.TC_003_EditCustomerTest - clicked on edit customer link
18:55:42.435 [main] INFO  testCases.TC_003_EditCustomerTest - clicked on submit button
18:55:42.535 [main] INFO  testCases.TC_003_EditCustomerTest - address edited
18:55:42.796 [main] INFO  testCases.TC_003_EditCustomerTest - clicked on submit button after editing
18:55:42.806 [main] INFO  testCases.TC_003_EditCustomerTest - **************Ended TC_003_EditCustomerTest**********************
08:36:40.136 [main] INFO  testCases.TC_003_EditCustomerTest -  browser launched
08:36:41.052 [main] INFO  testCases.TC_003_EditCustomerTest - application url opened
08:36:41.209 [main] INFO  testCases.TC_003_EditCustomerTest - **************started TC_003_EditCustomerTest**********************
08:36:42.043 [main] INFO  testCases.TC_003_EditCustomerTest - login successful
08:36:42.370 [main] INFO  testCases.TC_003_EditCustomerTest - clicked on edit customer link
08:36:42.830 [main] INFO  testCases.TC_003_EditCustomerTest - clicked on submit button
08:36:42.973 [main] INFO  testCases.TC_003_EditCustomerTest - address edited
08:36:43.192 [main] INFO  testCases.TC_003_EditCustomerTest - clicked on submit button after editing
08:36:55.245 [main] INFO  testCases.TC_003_EditCustomerTest -  browser launched
08:36:55.922 [main] INFO  testCases.TC_003_EditCustomerTest - application url opened
08:36:56.062 [main] INFO  testCases.TC_003_EditCustomerTest - **************started TC_003_EditCustomerTest**********************
08:36:56.785 [main] INFO  testCases.TC_003_EditCustomerTest - login successful
08:36:57.058 [main] INFO  testCases.TC_003_EditCustomerTest - clicked on edit customer link
08:36:57.378 [main] INFO  testCases.TC_003_EditCustomerTest - clicked on submit button
08:36:57.512 [main] INFO  testCases.TC_003_EditCustomerTest - address edited
08:36:57.664 [main] INFO  testCases.TC_003_EditCustomerTest - clicked on submit button after editing
08:38:46.407 [main] INFO  testCases.TC_001_LoginTest -  browser launched
08:38:47.129 [main] INFO  testCases.TC_001_LoginTest - application url opened
08:38:47.265 [main] INFO  testCases.TC_001_LoginTest - ************starting TC_001_Login_test*****************
08:38:47.276 [main] INFO  testCases.TC_001_LoginTest - entering username
08:38:47.407 [main] INFO  testCases.TC_001_LoginTest - entering password
08:38:47.507 [main] INFO  testCases.TC_001_LoginTest - clicking on login button
08:38:47.860 [main] INFO  testCases.TC_001_LoginTest - login successful
08:38:47.861 [main] INFO  testCases.TC_001_LoginTest - ************ending TC_001_Login_test*****************
08:38:50.486 [main] INFO  testCases.TC_003_EditCustomerTest -  browser launched
08:38:51.314 [main] INFO  testCases.TC_003_EditCustomerTest - application url opened
08:38:51.444 [main] INFO  testCases.TC_003_EditCustomerTest - **************started TC_003_EditCustomerTest**********************
08:38:52.045 [main] INFO  testCases.TC_003_EditCustomerTest - login successful
08:38:52.346 [main] INFO  testCases.TC_003_EditCustomerTest - clicked on edit customer link
08:38:52.735 [main] INFO  testCases.TC_003_EditCustomerTest - clicked on submit button
08:38:52.854 [main] INFO  testCases.TC_003_EditCustomerTest - address edited
08:38:53.083 [main] INFO  testCases.TC_003_EditCustomerTest - clicked on submit button after editing
08:38:56.487 [main] INFO  testCases.TC_002_AddingNewCustomerTest -  browser launched
08:38:57.422 [main] INFO  testCases.TC_002_AddingNewCustomerTest - application url opened
08:38:57.617 [main] INFO  testCases.TC_002_AddingNewCustomerTest - ************starting TC_002_AddingNewCustomerTest*****************
08:38:58.436 [main] INFO  testCases.TC_002_AddingNewCustomerTest - successfully logged in
08:38:58.699 [main] INFO  testCases.TC_002_AddingNewCustomerTest - clicked on new customer link on home page
08:38:59.314 [main] INFO  testCases.TC_002_AddingNewCustomerTest - entered all of the customer information
08:38:59.723 [main] INFO  testCases.TC_002_AddingNewCustomerTest - clicked on submit button
08:38:59.755 [main] INFO  testCases.TC_002_AddingNewCustomerTest - new customer added successfully 
08:38:59.755 [main] INFO  testCases.TC_002_AddingNewCustomerTest - ************ending TC_002_AddingNewCustomerTest*****************
09:01:18.703 [main] INFO  testCases.TC_004_DeleteCustomerTest -  browser launched
09:01:19.626 [main] INFO  testCases.TC_004_DeleteCustomerTest - application url opened
09:01:20.410 [main] INFO  testCases.TC_004_DeleteCustomerTest - login successful
09:01:20.633 [main] INFO  testCases.TC_004_DeleteCustomerTest - clicked on delete customer link
09:01:20.953 [main] INFO  testCases.TC_004_DeleteCustomerTest - clicked on submit button
09:02:44.292 [main] INFO  testCases.TC_002_AddingNewCustomerTest -  browser launched
09:02:45.094 [main] INFO  testCases.TC_002_AddingNewCustomerTest - application url opened
09:02:45.240 [main] INFO  testCases.TC_002_AddingNewCustomerTest - ************starting TC_002_AddingNewCustomerTest*****************
09:02:45.865 [main] INFO  testCases.TC_002_AddingNewCustomerTest - successfully logged in
09:02:46.141 [main] INFO  testCases.TC_002_AddingNewCustomerTest - clicked on new customer link on home page
09:02:46.713 [main] INFO  testCases.TC_002_AddingNewCustomerTest - entered all of the customer information
09:02:47.120 [main] INFO  testCases.TC_002_AddingNewCustomerTest - clicked on submit button
09:02:47.151 [main] INFO  testCases.TC_002_AddingNewCustomerTest - new customer added successfully 
09:02:47.152 [main] INFO  testCases.TC_002_AddingNewCustomerTest - ************ending TC_002_AddingNewCustomerTest*****************
09:03:21.286 [main] INFO  testCases.TC_002_AddingNewCustomerTest -  browser launched
09:03:22.054 [main] INFO  testCases.TC_002_AddingNewCustomerTest - application url opened
09:03:22.189 [main] INFO  testCases.TC_002_AddingNewCustomerTest - ************starting TC_002_AddingNewCustomerTest*****************
09:03:22.804 [main] INFO  testCases.TC_002_AddingNewCustomerTest - successfully logged in
09:03:23.007 [main] INFO  testCases.TC_002_AddingNewCustomerTest - clicked on new customer link on home page
09:03:23.606 [main] INFO  testCases.TC_002_AddingNewCustomerTest - entered all of the customer information
09:03:23.736 [main] INFO  testCases.TC_002_AddingNewCustomerTest - clicked on submit button
09:03:23.747 [main] INFO  testCases.TC_002_AddingNewCustomerTest - new customer addition unsuccessful
09:03:34.926 [main] INFO  testCases.TC_002_AddingNewCustomerTest -  browser launched
09:03:35.624 [main] INFO  testCases.TC_002_AddingNewCustomerTest - application url opened
09:03:35.786 [main] INFO  testCases.TC_002_AddingNewCustomerTest - ************starting TC_002_AddingNewCustomerTest*****************
09:03:36.340 [main] INFO  testCases.TC_002_AddingNewCustomerTest - successfully logged in
09:03:36.551 [main] INFO  testCases.TC_002_AddingNewCustomerTest - clicked on new customer link on home page
09:03:37.148 [main] INFO  testCases.TC_002_AddingNewCustomerTest - entered all of the customer information
09:03:37.299 [main] INFO  testCases.TC_002_AddingNewCustomerTest - clicked on submit button
09:03:37.308 [main] INFO  testCases.TC_002_AddingNewCustomerTest - new customer addition unsuccessful
09:04:00.532 [main] INFO  testCases.TC_002_AddingNewCustomerTest -  browser launched
09:04:01.296 [main] INFO  testCases.TC_002_AddingNewCustomerTest - application url opened
09:04:01.448 [main] INFO  testCases.TC_002_AddingNewCustomerTest - ************starting TC_002_AddingNewCustomerTest*****************
09:04:02.017 [main] INFO  testCases.TC_002_AddingNewCustomerTest - successfully logged in
09:04:02.357 [main] INFO  testCases.TC_002_AddingNewCustomerTest - clicked on new customer link on home page
09:04:02.920 [main] INFO  testCases.TC_002_AddingNewCustomerTest - entered all of the customer information
09:04:03.265 [main] INFO  testCases.TC_002_AddingNewCustomerTest - clicked on submit button
09:04:03.297 [main] INFO  testCases.TC_002_AddingNewCustomerTest - new customer added successfully 
09:04:03.298 [main] INFO  testCases.TC_002_AddingNewCustomerTest - ************ending TC_002_AddingNewCustomerTest*****************
09:04:56.145 [main] INFO  testCases.TC_004_DeleteCustomerTest -  browser launched
09:04:56.915 [main] INFO  testCases.TC_004_DeleteCustomerTest - application url opened
09:04:57.613 [main] INFO  testCases.TC_004_DeleteCustomerTest - login successful
09:04:57.861 [main] INFO  testCases.TC_004_DeleteCustomerTest - clicked on delete customer link
09:04:58.141 [main] INFO  testCases.TC_004_DeleteCustomerTest - clicked on submit button
09:15:20.741 [main] INFO  testCases.TC_004_DeleteCustomerTest -  browser launched
09:15:21.492 [main] INFO  testCases.TC_004_DeleteCustomerTest - application url opened
09:15:21.640 [main] INFO  testCases.TC_004_DeleteCustomerTest - **************started TC_004_DeleteCustomerTest**********************
09:15:22.115 [main] INFO  testCases.TC_004_DeleteCustomerTest - login successful
09:15:22.356 [main] INFO  testCases.TC_004_DeleteCustomerTest - clicked on delete customer link
09:15:22.594 [main] INFO  testCases.TC_004_DeleteCustomerTest - clicked on submit button
09:55:49.074 [main] INFO  testCases.TC_005_AddNewAccountTest -  browser launched
09:55:49.969 [main] INFO  testCases.TC_005_AddNewAccountTest - application url opened
09:55:50.809 [main] INFO  testCases.TC_005_AddNewAccountTest - successfully logged in
09:59:22.409 [main] INFO  testCases.TC_005_AddNewAccountTest -  browser launched
09:59:23.171 [main] INFO  testCases.TC_005_AddNewAccountTest - application url opened
09:59:24.069 [main] INFO  testCases.TC_005_AddNewAccountTest - successfully logged in
09:59:25.161 [main] INFO  testCases.TC_005_AddNewAccountTest - account created successfully
10:05:38.049 [main] INFO  testCases.TC_005_AddNewAccountTest -  browser launched
10:05:38.845 [main] INFO  testCases.TC_005_AddNewAccountTest - application url opened
10:05:39.004 [main] INFO  testCases.TC_005_AddNewAccountTest - *********************started TC_005_AddNewAccountTest***************************
10:05:39.585 [main] INFO  testCases.TC_005_AddNewAccountTest - successfully logged in
10:05:39.787 [main] INFO  testCases.TC_005_AddNewAccountTest - clicked on new account link
10:05:40.120 [main] INFO  testCases.TC_005_AddNewAccountTest - entered information to create new account
10:05:40.604 [main] INFO  testCases.TC_005_AddNewAccountTest - account created successfully
10:05:40.606 [main] INFO  testCases.TC_005_AddNewAccountTest - *********************ended TC_005_AddNewAccountTest***************************
10:06:52.855 [main] INFO  testCases.TC_005_AddNewAccountTest -  browser launched
10:06:53.656 [main] INFO  testCases.TC_005_AddNewAccountTest - application url opened
10:06:53.816 [main] INFO  testCases.TC_005_AddNewAccountTest - *********************started TC_005_AddNewAccountTest***************************
10:06:54.383 [main] INFO  testCases.TC_005_AddNewAccountTest - successfully logged in
10:06:54.676 [main] INFO  testCases.TC_005_AddNewAccountTest - clicked on new account link
10:06:55.101 [main] INFO  testCases.TC_005_AddNewAccountTest - entered information to create new account
10:07:57.871 [main] INFO  testCases.TC_005_AddNewAccountTest -  browser launched
10:07:58.728 [main] INFO  testCases.TC_005_AddNewAccountTest - application url opened
10:07:58.880 [main] INFO  testCases.TC_005_AddNewAccountTest - *********************started TC_005_AddNewAccountTest***************************
10:07:59.427 [main] INFO  testCases.TC_005_AddNewAccountTest - successfully logged in
10:07:59.626 [main] INFO  testCases.TC_005_AddNewAccountTest - clicked on new account link
10:07:59.967 [main] INFO  testCases.TC_005_AddNewAccountTest - entered information to create new account
10:08:00.457 [main] INFO  testCases.TC_005_AddNewAccountTest - account created successfully
10:08:00.459 [main] INFO  testCases.TC_005_AddNewAccountTest - *********************ended TC_005_AddNewAccountTest***************************
10:59:49.066 [main] INFO  testCases.TC_005_AddNewAccountTest -  browser launched
10:59:49.901 [main] INFO  testCases.TC_005_AddNewAccountTest - application url opened
10:59:50.037 [main] INFO  testCases.TC_005_AddNewAccountTest - *********************started TC_005_AddNewAccountTest***************************
10:59:50.722 [main] INFO  testCases.TC_005_AddNewAccountTest - successfully logged in
10:59:50.923 [main] INFO  testCases.TC_005_AddNewAccountTest - clicked on new account link
10:59:51.316 [main] INFO  testCases.TC_005_AddNewAccountTest - entered information to create new account
10:59:51.687 [main] INFO  testCases.TC_005_AddNewAccountTest - account created successfully
10:59:51.688 [main] INFO  testCases.TC_005_AddNewAccountTest - *********************ended TC_005_AddNewAccountTest***************************
11:03:21.278 [main] INFO  testCases.TC_005_AddNewAccountTest -  browser launched
11:03:22.099 [main] INFO  testCases.TC_005_AddNewAccountTest - application url opened
11:03:22.247 [main] INFO  testCases.TC_005_AddNewAccountTest - *********************started TC_005_AddNewAccountTest***************************
11:03:22.942 [main] INFO  testCases.TC_005_AddNewAccountTest - successfully logged in
11:03:23.162 [main] INFO  testCases.TC_005_AddNewAccountTest - clicked on new account link
11:03:23.495 [main] INFO  testCases.TC_005_AddNewAccountTest - entered information to create new account
11:03:23.857 [main] INFO  testCases.TC_005_AddNewAccountTest - account created successfully
11:03:23.859 [main] INFO  testCases.TC_005_AddNewAccountTest - *********************ended TC_005_AddNewAccountTest***************************
12:45:40.311 [main] INFO  testCases.TC_001_LoginTest -  browser launched
12:45:42.011 [main] INFO  testCases.TC_001_LoginTest - application url opened
12:45:42.320 [main] INFO  testCases.TC_001_LoginTest - ************starting TC_001_Login_test*****************
12:45:42.353 [main] INFO  testCases.TC_001_LoginTest - entering username
12:45:42.554 [main] INFO  testCases.TC_001_LoginTest - entering password
12:45:42.619 [main] INFO  testCases.TC_001_LoginTest - clicking on login button
12:45:43.103 [main] INFO  testCases.TC_001_LoginTest - login successful
12:45:43.108 [main] INFO  testCases.TC_001_LoginTest - ************ending TC_001_Login_test*****************
12:46:13.875 [main] INFO  testCases.TC_001_LoginTest -  browser launched
12:46:14.903 [main] INFO  testCases.TC_001_LoginTest - application url opened
12:46:15.196 [main] INFO  testCases.TC_001_LoginTest - ************starting TC_001_Login_test*****************
12:46:15.214 [main] INFO  testCases.TC_001_LoginTest - entering username
12:46:15.327 [main] INFO  testCases.TC_001_LoginTest - entering password
12:46:15.367 [main] INFO  testCases.TC_001_LoginTest - clicking on login button
12:47:20.858 [main] INFO  testCases.TC_001_LoginTest -  browser launched
12:47:21.984 [main] INFO  testCases.TC_001_LoginTest - application url opened
12:47:22.274 [main] INFO  testCases.TC_001_LoginTest - ************starting TC_001_Login_test*****************
12:47:22.286 [main] INFO  testCases.TC_001_LoginTest - entering username
12:47:22.397 [main] INFO  testCases.TC_001_LoginTest - entering password
12:47:22.442 [main] INFO  testCases.TC_001_LoginTest - clicking on login button
12:47:22.836 [main] INFO  testCases.TC_001_LoginTest - login successful
12:47:22.838 [main] INFO  testCases.TC_001_LoginTest - ************ending TC_001_Login_test*****************
